<?xml version="1.0" encoding="UTF-8"?>
<!-- Generated by org.testng.reporters.JUnitReportReporter -->
<testsuite skipped="0" hostname="LAPTOP-1016HSRS" name="com.test.facebook.LoginTest" tests="2" failures="0" timestamp="21 Oct 2019 04:10:25 GMT" time="10.771" errors="0">
  <testcase name="verifyfacebookLoginHeader" time="0.064" classname="com.test.facebook.LoginTest"/>
  <testcase name="loginTest" time="10.707" classname="com.test.facebook.LoginTest"/>
</testsuite> <!-- com.test.facebook.LoginTest -->
