<?xml version="1.0" encoding="UTF-8"?>
<!-- Generated by org.testng.reporters.JUnitReportReporter -->
<testsuite skipped="2" hostname="LAPTOP-1016HSRS" name="com.test.facebook.LoginTest" tests="2" failures="0" timestamp="21 Oct 2019 02:33:48 GMT" time="0.000" errors="0">
  <testcase name="loginTest" time="0.000" classname="com.test.facebook.LoginTest">
    <skipped/>
  </testcase> <!-- loginTest -->
  <testcase name="verifyfacebookLoginHeader" time="0.000" classname="com.test.facebook.LoginTest">
    <skipped/>
  </testcase> <!-- verifyfacebookLoginHeader -->
</testsuite> <!-- com.test.facebook.LoginTest -->
